[14:40:57] [main/INFO]: No arguments specified, assuming client.
[14:40:57] [main/INFO]: Extra: []
[14:40:57] [main/INFO]: Setting up virtual assets in: C:\Users\Esther\.gradle\caches\minecraft\assets\virtual\legacy
[14:41:31] [main/INFO]: Running with arguments: [--userProperties, {}, --username, ForgeDevName, --tweakClass, cpw.mods.fml.common.launcher.FMLTweaker, --accessToken, {REDACTED}, --assetIndex, legacy, --assetsDir, C:\Users\Esther\.gradle\caches\minecraft\assets\virtual\legacy, --version, 1.7.2]
[14:41:31] [main/INFO]: Loading tweak class name cpw.mods.fml.common.launcher.FMLTweaker
[14:41:31] [main/INFO]: Using primary tweak class name cpw.mods.fml.common.launcher.FMLTweaker
[14:41:31] [main/INFO]: Calling tweak class cpw.mods.fml.common.launcher.FMLTweaker
[14:41:31] [main/INFO]: Forge Mod Loader version 7.2.211.1121 for Minecraft 1.7.2 loading
[14:41:31] [main/INFO]: Java is Java HotSpot(TM) Client VM, version 1.7.0_65, running on Windows 7:x86:6.1, installed at C:\Program Files (x86)\Java\jdk1.7.0_65\jre
[14:41:31] [main/INFO]: Managed to load a deobfuscated Minecraft name- we are in a deobfuscated environment. Skipping runtime deobfuscation
[14:41:31] [main/INFO]: Loading tweak class name cpw.mods.fml.common.launcher.FMLInjectionAndSortingTweaker
[14:41:31] [main/INFO]: Loading tweak class name cpw.mods.fml.common.launcher.FMLDeobfTweaker
[14:41:31] [main/INFO]: Calling tweak class cpw.mods.fml.common.launcher.FMLInjectionAndSortingTweaker
[14:41:31] [main/INFO]: Calling tweak class cpw.mods.fml.common.launcher.FMLInjectionAndSortingTweaker
[14:41:31] [main/INFO]: Calling tweak class cpw.mods.fml.relauncher.CoreModManager$FMLPluginWrapper
[14:41:32] [main/ERROR]: The binary patch set is missing. Either you are in a development environment, or things are not going to work!
[14:41:32] [main/ERROR]: The minecraft jar file:/C:/Users/Esther/.gradle/caches/minecraft/net/minecraftforge/forge/1.7.2-10.12.2.1121/forgeSrc-1.7.2-10.12.2.1121.jar!/net/minecraft/client/ClientBrandRetriever.class appears to be corrupt! There has been CRITICAL TAMPERING WITH MINECRAFT, it is highly unlikely minecraft will work! STOP NOW, get a clean copy and try again!
[14:41:32] [main/ERROR]: FML has been ordered to ignore the invalid or missing minecraft certificate. This is very likely to cause a problem!
[14:41:32] [main/ERROR]: Technical information: ClientBrandRetriever was at jar:file:/C:/Users/Esther/.gradle/caches/minecraft/net/minecraftforge/forge/1.7.2-10.12.2.1121/forgeSrc-1.7.2-10.12.2.1121.jar!/net/minecraft/client/ClientBrandRetriever.class, there were 0 certificates for it
[14:41:32] [main/ERROR]: FML appears to be missing any signature data. This is not a good thing
[14:41:32] [main/INFO]: Calling tweak class cpw.mods.fml.relauncher.CoreModManager$FMLPluginWrapper
[14:41:32] [main/INFO]: Calling tweak class cpw.mods.fml.common.launcher.FMLDeobfTweaker
[14:41:33] [main/INFO]: Launching wrapped minecraft {net.minecraft.client.main.Main}
[14:41:35] [main/INFO]: Setting user: ForgeDevName
[14:41:37] [Client thread/INFO]: LWJGL Version: 2.9.0
[14:41:39] [Client thread/INFO]: Attempting early MinecraftForge initialization
[14:41:39] [Client thread/INFO]: MinecraftForge v10.12.2.1121 Initialized
[14:41:39] [Client thread/INFO]: Replaced 182 ore recipies
[14:41:40] [Client thread/INFO]: Completed early MinecraftForge initialization
[14:41:40] [Client thread/INFO]: Searching C:\Users\Esther\Desktop\Projects\Minecraft\1.7\Modding\eclipse\mods for mods
[14:41:44] [Client thread/WARN]: Zip file rt.jar failed to read properly, it will be ignored
java.lang.NullPointerException
	at cpw.mods.fml.common.discovery.asm.ASMModParser.isBaseMod(ASMModParser.java:130) ~[ASMModParser.class:?]
	at cpw.mods.fml.common.ModContainerFactory.build(ModContainerFactory.java:34) ~[ModContainerFactory.class:?]
	at cpw.mods.fml.common.discovery.JarDiscoverer.discover(JarDiscoverer.java:83) [JarDiscoverer.class:?]
	at cpw.mods.fml.common.discovery.ContainerType.findMods(ContainerType.java:42) [ContainerType.class:?]
	at cpw.mods.fml.common.discovery.ModCandidate.explore(ModCandidate.java:71) [ModCandidate.class:?]
	at cpw.mods.fml.common.discovery.ModDiscoverer.identifyMods(ModDiscoverer.java:123) [ModDiscoverer.class:?]
	at cpw.mods.fml.common.Loader.identifyMods(Loader.java:346) [Loader.class:?]
	at cpw.mods.fml.common.Loader.loadMods(Loader.java:467) [Loader.class:?]
	at cpw.mods.fml.client.FMLClientHandler.beginMinecraftLoading(FMLClientHandler.java:204) [FMLClientHandler.class:?]
	at net.minecraft.client.Minecraft.startGame(Minecraft.java:522) [Minecraft.class:?]
	at net.minecraft.client.Minecraft.run(Minecraft.java:892) [Minecraft.class:?]
	at net.minecraft.client.main.Main.main(Main.java:112) [Main.class:?]
	at sun.reflect.NativeMethodAccessorImpl.invoke0(Native Method) ~[?:1.7.0_65]
	at sun.reflect.NativeMethodAccessorImpl.invoke(NativeMethodAccessorImpl.java:57) ~[?:1.7.0_65]
	at sun.reflect.DelegatingMethodAccessorImpl.invoke(DelegatingMethodAccessorImpl.java:43) ~[?:1.7.0_65]
	at java.lang.reflect.Method.invoke(Method.java:606) ~[?:1.7.0_65]
	at net.minecraft.launchwrapper.Launch.launch(Launch.java:134) [launchwrapper-1.9.jar:?]
	at net.minecraft.launchwrapper.Launch.main(Launch.java:28) [launchwrapper-1.9.jar:?]
	at sun.reflect.NativeMethodAccessorImpl.invoke0(Native Method) ~[?:1.7.0_65]
	at sun.reflect.NativeMethodAccessorImpl.invoke(NativeMethodAccessorImpl.java:57) ~[?:1.7.0_65]
	at sun.reflect.DelegatingMethodAccessorImpl.invoke(DelegatingMethodAccessorImpl.java:43) ~[?:1.7.0_65]
	at java.lang.reflect.Method.invoke(Method.java:606) ~[?:1.7.0_65]
	at GradleStart.bounce(GradleStart.java:108) [start/:?]
	at GradleStart.startClient(GradleStart.java:101) [start/:?]
	at GradleStart.main(GradleStart.java:56) [start/:?]
	at sun.reflect.NativeMethodAccessorImpl.invoke0(Native Method) ~[?:1.7.0_65]
	at sun.reflect.NativeMethodAccessorImpl.invoke(NativeMethodAccessorImpl.java:57) ~[?:1.7.0_65]
	at sun.reflect.DelegatingMethodAccessorImpl.invoke(DelegatingMethodAccessorImpl.java:43) ~[?:1.7.0_65]
	at java.lang.reflect.Method.invoke(Method.java:606) ~[?:1.7.0_65]
	at com.intellij.rt.execution.application.AppMain.main(AppMain.java:134) [idea_rt.jar:?]
[14:41:45] [Client thread/ERROR]: FML has detected a mod that is using a package name based on 'net.minecraft.src' : net.minecraft.src.FMLRenderAccessLibrary. This is generally a severe programming error.  There should be no mod code in the minecraft namespace. MOVE YOUR MOD! If you're in eclipse, select your source code and 'refactor' it into a new package. Go on. DO IT NOW!
[14:41:53] [Client thread/INFO]: Forge Mod Loader has identified 4 mods to load
[14:41:54] [Client thread/INFO]: Reloading ResourceManager: Default, FMLFileResourcePack:Forge Mod Loader, FMLFileResourcePack:Minecraft Forge, FMLFileResourcePack:Modding
[14:41:54] [Client thread/INFO]: Processing ObjectHolder annotations
[14:41:54] [Client thread/INFO]: Found 341 ObjectHolder annotations
[14:41:54] [Client thread/INFO]: Configured a dormant chunk cache size of 0
[14:41:54] [Client thread/INFO]: Applying holder lookups
[14:41:54] [Client thread/INFO]: Holder lookups applied
[14:41:55] [Sound Library Loader/INFO]: Sound engine started
[14:41:55] [Client thread/INFO]: Created: 512x256 textures/blocks-atlas
[14:41:56] [Client thread/INFO]: Created: 256x256 textures/items-atlas
[14:41:56] [Client thread/INFO]: Forge Mod Loader has successfully loaded 4 mods
[14:41:56] [Client thread/INFO]: Reloading ResourceManager: Default, FMLFileResourcePack:Forge Mod Loader, FMLFileResourcePack:Minecraft Forge, FMLFileResourcePack:Modding
[14:41:56] [Client thread/INFO]: Created: 256x256 textures/items-atlas
[14:41:56] [Client thread/INFO]: Created: 512x256 textures/blocks-atlas
[14:41:57] [Sound Library Loader/INFO]: Sound engine started
[14:41:58] [MCO Availability Checker #1/ERROR]: Couldn't connect to Realms
[14:42:03] [Client thread/INFO]: Stopping!
